{"level":"info","ts":"2020-12-24T18:18:46.170+0800","caller":"go-grpc-middleware@v1.2.0/chain.go:25","msg":"finished unary call with code OK","grpc.start_time":"2020-12-24T18:18:46+08:00","system":"grpc","span.kind":"server","grpc.service":"proto.Simple","grpc.method":"Route","grpc.code":"OK","grpc.time_ms":0.17499999701976776}
{"level":"info","ts":"2020-12-24T18:18:46.172+0800","caller":"grpclog/logger.go:57","msg":"transport: loopyWriter.run returning. connection error: desc = \"transport is closing\"","system":"grpc","grpc_log":true}
{"level":"info","ts":"2020-12-24T18:20:07.384+0800","caller":"go-grpc-middleware@v1.2.0/chain.go:25","msg":"finished unary call with code OK","grpc.start_time":"2020-12-24T18:20:07+08:00","system":"grpc","span.kind":"server","grpc.service":"proto.Simple","grpc.method":"Route","grpc.code":"OK","grpc.time_ms":0.05700000002980232}
{"level":"info","ts":"2020-12-24T18:20:07.385+0800","caller":"grpclog/logger.go:57","msg":"transport: loopyWriter.run returning. connection error: desc = \"transport is closing\"","system":"grpc","grpc_log":true}
{"level":"info","ts":"2020-12-30T10:37:39.361+0800","caller":"grpclog/logger.go:49","msg":"parsed scheme: \"\"","system":"grpc","grpc_log":true}
{"level":"info","ts":"2020-12-30T10:37:39.362+0800","caller":"grpclog/logger.go:49","msg":"scheme \"\" not registered, fallback to default scheme","system":"grpc","grpc_log":true}
{"level":"info","ts":"2020-12-30T10:37:39.362+0800","caller":"grpclog/logger.go:49","msg":"ccResolverWrapper: sending update to cc: {[{127.0.0.1:8000  <nil> 0 <nil>}] <nil> <nil>}","system":"grpc","grpc_log":true}
{"level":"info","ts":"2020-12-30T10:37:39.362+0800","caller":"grpclog/logger.go:49","msg":"ClientConn switching balancer to \"pick_first\"","system":"grpc","grpc_log":true}
{"level":"info","ts":"2020-12-30T10:37:39.362+0800","caller":"grpclog/logger.go:49","msg":"Channel switches to new LB policy \"pick_first\"","system":"grpc","grpc_log":true}
{"level":"info","ts":"2020-12-30T10:37:39.362+0800","caller":"grpclog/logger.go:49","msg":"Subchannel Connectivity change to CONNECTING","system":"grpc","grpc_log":true}
{"level":"info","ts":"2020-12-30T10:37:39.362+0800","caller":"grpclog/logger.go:57","msg":"pickfirstBalancer: HandleSubConnStateChange: 0xc000320460, {CONNECTING <nil>}","system":"grpc","grpc_log":true}
{"level":"info","ts":"2020-12-30T10:37:39.362+0800","caller":"grpclog/logger.go:49","msg":"Channel Connectivity change to CONNECTING","system":"grpc","grpc_log":true}
{"level":"info","ts":"2020-12-30T10:37:39.362+0800","caller":"grpclog/logger.go:49","msg":"Subchannel picks a new address \"127.0.0.1:8000\" to connect","system":"grpc","grpc_log":true}
{"level":"info","ts":"2020-12-30T10:37:39.386+0800","caller":"grpclog/logger.go:49","msg":"Subchannel Connectivity change to READY","system":"grpc","grpc_log":true}
{"level":"info","ts":"2020-12-30T10:37:39.386+0800","caller":"grpclog/logger.go:57","msg":"pickfirstBalancer: HandleSubConnStateChange: 0xc000320460, {READY <nil>}","system":"grpc","grpc_log":true}
{"level":"info","ts":"2020-12-30T10:37:39.386+0800","caller":"grpclog/logger.go:49","msg":"Channel Connectivity change to READY","system":"grpc","grpc_log":true}
{"level":"info","ts":"2020-12-30T10:37:49.797+0800","caller":"go-grpc-middleware@v1.2.0/chain.go:25","msg":"finished unary call with code OK","grpc.start_time":"2020-12-30T10:37:49+08:00","system":"grpc","span.kind":"server","grpc.service":"proto.Simple","grpc.method":"Route","grpc.code":"OK","grpc.time_ms":0.13300000131130219}
{"level":"info","ts":"2020-12-30T10:38:11.293+0800","caller":"go-grpc-middleware@v1.2.0/chain.go:25","msg":"finished unary call with code OK","grpc.start_time":"2020-12-30T10:38:11+08:00","system":"grpc","span.kind":"server","grpc.service":"proto.Simple","grpc.method":"Route","grpc.code":"OK","grpc.time_ms":0.06800000369548798}
{"level":"info","ts":"2020-12-30T10:56:35.312+0800","caller":"grpclog/logger.go:49","msg":"parsed scheme: \"\"","system":"grpc","grpc_log":true}
{"level":"info","ts":"2020-12-30T10:56:35.312+0800","caller":"grpclog/logger.go:49","msg":"scheme \"\" not registered, fallback to default scheme","system":"grpc","grpc_log":true}
{"level":"info","ts":"2020-12-30T10:56:35.312+0800","caller":"grpclog/logger.go:49","msg":"ccResolverWrapper: sending update to cc: {[{127.0.0.1:8000  <nil> 0 <nil>}] <nil> <nil>}","system":"grpc","grpc_log":true}
{"level":"info","ts":"2020-12-30T10:56:35.312+0800","caller":"grpclog/logger.go:49","msg":"ClientConn switching balancer to \"pick_first\"","system":"grpc","grpc_log":true}
{"level":"info","ts":"2020-12-30T10:56:35.312+0800","caller":"grpclog/logger.go:49","msg":"Channel switches to new LB policy \"pick_first\"","system":"grpc","grpc_log":true}
{"level":"info","ts":"2020-12-30T10:56:35.312+0800","caller":"grpclog/logger.go:49","msg":"Subchannel Connectivity change to CONNECTING","system":"grpc","grpc_log":true}
{"level":"info","ts":"2020-12-30T10:56:35.312+0800","caller":"grpclog/logger.go:57","msg":"pickfirstBalancer: HandleSubConnStateChange: 0xc00015a480, {CONNECTING <nil>}","system":"grpc","grpc_log":true}
{"level":"info","ts":"2020-12-30T10:56:35.312+0800","caller":"grpclog/logger.go:49","msg":"Channel Connectivity change to CONNECTING","system":"grpc","grpc_log":true}
{"level":"info","ts":"2020-12-30T10:56:35.312+0800","caller":"grpclog/logger.go:49","msg":"Subchannel picks a new address \"127.0.0.1:8000\" to connect","system":"grpc","grpc_log":true}
{"level":"info","ts":"2020-12-30T10:56:35.339+0800","caller":"grpclog/logger.go:49","msg":"Subchannel Connectivity change to READY","system":"grpc","grpc_log":true}
{"level":"info","ts":"2020-12-30T10:56:35.339+0800","caller":"grpclog/logger.go:57","msg":"pickfirstBalancer: HandleSubConnStateChange: 0xc00015a480, {READY <nil>}","system":"grpc","grpc_log":true}
{"level":"info","ts":"2020-12-30T10:56:35.339+0800","caller":"grpclog/logger.go:49","msg":"Channel Connectivity change to READY","system":"grpc","grpc_log":true}
{"level":"info","ts":"2020-12-30T10:56:39.864+0800","caller":"go-grpc-middleware@v1.2.0/chain.go:25","msg":"finished unary call with code OK","grpc.start_time":"2020-12-30T10:56:39+08:00","system":"grpc","span.kind":"server","grpc.service":"proto.Simple","grpc.method":"Route","grpc.code":"OK","grpc.time_ms":0.09000000357627869}
{"level":"info","ts":"2020-12-30T11:09:01.509+0800","caller":"grpclog/logger.go:49","msg":"parsed scheme: \"\"","system":"grpc","grpc_log":true}
{"level":"info","ts":"2020-12-30T11:09:01.509+0800","caller":"grpclog/logger.go:49","msg":"scheme \"\" not registered, fallback to default scheme","system":"grpc","grpc_log":true}
{"level":"info","ts":"2020-12-30T11:09:01.509+0800","caller":"grpclog/logger.go:49","msg":"ccResolverWrapper: sending update to cc: {[{127.0.0.1:8000  <nil> 0 <nil>}] <nil> <nil>}","system":"grpc","grpc_log":true}
{"level":"info","ts":"2020-12-30T11:09:01.509+0800","caller":"grpclog/logger.go:49","msg":"ClientConn switching balancer to \"pick_first\"","system":"grpc","grpc_log":true}
{"level":"info","ts":"2020-12-30T11:09:01.509+0800","caller":"grpclog/logger.go:49","msg":"Channel switches to new LB policy \"pick_first\"","system":"grpc","grpc_log":true}
{"level":"info","ts":"2020-12-30T11:09:01.509+0800","caller":"grpclog/logger.go:49","msg":"Subchannel Connectivity change to CONNECTING","system":"grpc","grpc_log":true}
{"level":"info","ts":"2020-12-30T11:09:01.509+0800","caller":"grpclog/logger.go:57","msg":"pickfirstBalancer: HandleSubConnStateChange: 0xc00015a480, {CONNECTING <nil>}","system":"grpc","grpc_log":true}
{"level":"info","ts":"2020-12-30T11:09:01.509+0800","caller":"grpclog/logger.go:49","msg":"Subchannel picks a new address \"127.0.0.1:8000\" to connect","system":"grpc","grpc_log":true}
{"level":"info","ts":"2020-12-30T11:09:01.509+0800","caller":"grpclog/logger.go:49","msg":"Channel Connectivity change to CONNECTING","system":"grpc","grpc_log":true}
{"level":"info","ts":"2020-12-30T11:09:01.538+0800","caller":"grpclog/logger.go:49","msg":"Subchannel Connectivity change to READY","system":"grpc","grpc_log":true}
{"level":"info","ts":"2020-12-30T11:09:01.539+0800","caller":"grpclog/logger.go:57","msg":"pickfirstBalancer: HandleSubConnStateChange: 0xc00015a480, {READY <nil>}","system":"grpc","grpc_log":true}
{"level":"info","ts":"2020-12-30T11:09:01.539+0800","caller":"grpclog/logger.go:49","msg":"Channel Connectivity change to READY","system":"grpc","grpc_log":true}
{"level":"info","ts":"2020-12-30T11:42:13.627+0800","caller":"go-grpc-middleware@v1.2.0/chain.go:25","msg":"finished unary call with code OK","grpc.start_time":"2020-12-30T11:42:13+08:00","system":"grpc","span.kind":"server","grpc.service":"proto.Simple","grpc.method":"Route","grpc.code":"OK","grpc.time_ms":0.06599999964237213}
{"level":"info","ts":"2020-12-30T14:13:29.128+0800","caller":"go-grpc-middleware@v1.2.0/chain.go:25","msg":"finished unary call with code OK","grpc.start_time":"2020-12-30T14:13:29+08:00","system":"grpc","span.kind":"server","grpc.service":"proto.Simple","grpc.method":"Route","grpc.code":"OK","grpc.time_ms":0.06800000369548798}
{"level":"info","ts":"2020-12-30T14:17:52.559+0800","caller":"go-grpc-middleware@v1.2.0/chain.go:25","msg":"finished unary call with code OK","grpc.start_time":"2020-12-30T14:17:52+08:00","system":"grpc","span.kind":"server","grpc.service":"proto.Simple","grpc.method":"Route","grpc.code":"OK","grpc.time_ms":0.09600000083446503}
{"level":"info","ts":"2020-12-30T14:18:00.548+0800","caller":"go-grpc-middleware@v1.2.0/chain.go:25","msg":"finished unary call with code OK","grpc.start_time":"2020-12-30T14:18:00+08:00","system":"grpc","span.kind":"server","grpc.service":"proto.Simple","grpc.method":"Route","grpc.code":"OK","grpc.time_ms":0.06700000166893005}
{"level":"info","ts":"2020-12-30T14:18:01.898+0800","caller":"go-grpc-middleware@v1.2.0/chain.go:25","msg":"finished unary call with code OK","grpc.start_time":"2020-12-30T14:18:01+08:00","system":"grpc","span.kind":"server","grpc.service":"proto.Simple","grpc.method":"Route","grpc.code":"OK","grpc.time_ms":0.08100000023841858}
{"level":"info","ts":"2020-12-30T14:18:28.099+0800","caller":"go-grpc-middleware@v1.2.0/chain.go:25","msg":"finished unary call with code OK","grpc.start_time":"2020-12-30T14:18:28+08:00","system":"grpc","span.kind":"server","grpc.service":"proto.Simple","grpc.method":"Route","grpc.code":"OK","grpc.time_ms":0.04699999839067459}
{"level":"info","ts":"2020-12-30T14:24:01.541+0800","caller":"go-grpc-middleware@v1.2.0/chain.go:25","msg":"finished unary call with code OK","grpc.start_time":"2020-12-30T14:24:01+08:00","system":"grpc","span.kind":"server","grpc.service":"proto.Simple","grpc.method":"Route","grpc.code":"OK","grpc.time_ms":0.05299999937415123}
{"level":"info","ts":"2020-12-30T15:32:46.595+0800","caller":"go-grpc-middleware@v1.2.0/chain.go:25","msg":"finished unary call with code OK","grpc.start_time":"2020-12-30T15:32:46+08:00","system":"grpc","span.kind":"server","grpc.service":"proto.Simple","grpc.method":"Route","grpc.code":"OK","grpc.time_ms":0.07199999690055847}
